<?xml version="1.0" encoding="UTF-8"?>
<!-- Generated by org.testng.reporters.JUnitReportReporter -->
<testsuite hostname="DESKTOP-HK4FFH3" failures="0" tests="2" name="com.pom.classes.TestClass" time="0.013" errors="0" timestamp="2021-06-02T10:13:33 IST" skipped="0">
  <testcase classname="com.pom.classes.TestClass" name="test2" time="0.004"/>
  <system-out/>
  <testcase classname="com.pom.classes.TestClass" name="test1" time="0.009"/>
  <system-out/>
</testsuite> <!-- com.pom.classes.TestClass -->
