<?xml version="1.0" encoding="UTF-8"?>
<!-- Generated by org.testng.reporters.JUnitReportReporter -->
<testsuite hostname="DESKTOP-HK4FFH3" failures="0" tests="1" name="pom.testclasses.Loginacti" time="5.866" errors="0" timestamp="2021-06-18T00:33:15 IST" skipped="0">
  <testcase classname="pom.testclasses.Loginacti" name="test" time="5.866"/>
  <system-out/>
</testsuite> <!-- pom.testclasses.Loginacti -->
