<?xml version="1.0" encoding="UTF-8"?>
<!-- Generated by org.testng.reporters.JUnitReportReporter -->
<testsuite hostname="DESKTOP-HK4FFH3" failures="0" tests="2" name="TestClass.LoggoutFunction" time="0.011" errors="0" timestamp="2021-06-26T11:53:27 IST" skipped="1">
  <testcase classname="TestClass.LoggoutFunction" name="logoutfun" time="0.000">
    <skipped/>
  </testcase> <!-- logoutfun -->
  <system-out/>
  <testcase classname="TestClass.LoggoutFunction" name="logoutfun" time="0.011"/>
  <system-out/>
</testsuite> <!-- TestClass.LoggoutFunction -->
